<?xml version="1.0" encoding="UTF-8"?>
<testsuite name="org.poo.cb.TestEBankingApp" tests="10" skipped="0" failures="0" errors="0" timestamp="2024-02-06T11:41:42" hostname="bia-VivoBook-ASUSLaptop-E210MAB-E210MA" time="0.387">
  <properties/>
  <testcase name="testTheTest()" classname="org.poo.cb.TestEBankingApp" time="0.038"/>
  <testcase name="test1()" classname="org.poo.cb.TestEBankingApp" time="0.129"/>
  <testcase name="test2()" classname="org.poo.cb.TestEBankingApp" time="0.029"/>
  <testcase name="test3()" classname="org.poo.cb.TestEBankingApp" time="0.013"/>
  <testcase name="test4()" classname="org.poo.cb.TestEBankingApp" time="0.016"/>
  <testcase name="test5()" classname="org.poo.cb.TestEBankingApp" time="0.022"/>
  <testcase name="test6()" classname="org.poo.cb.TestEBankingApp" time="0.036"/>
  <testcase name="test7()" classname="org.poo.cb.TestEBankingApp" time="0.017"/>
  <testcase name="test8()" classname="org.poo.cb.TestEBankingApp" time="0.014"/>
  <testcase name="test9()" classname="org.poo.cb.TestEBankingApp" time="0.017"/>
  <system-out><![CDATA[]]></system-out>
  <system-err><![CDATA[]]></system-err>
</testsuite>
